D:\MAXI\HOBBIES\HASTE\SOURCECODE\REPOSITORY\NEO\CMAKEFILES\GENERATE.STAMP
D:\MAXI\HOBBIES\HASTE\SOURCECODE\REPOSITORY\NEO\IDLIB.DIR\RELEASE\ANGLES.OBJ
D:\MAXI\HOBBIES\HASTE\SOURCECODE\REPOSITORY\NEO\IDLIB.DIR\RELEASE\BASE64.OBJ
D:\MAXI\HOBBIES\HASTE\SOURCECODE\REPOSITORY\NEO\IDLIB.DIR\RELEASE\BITMSG.OBJ
D:\MAXI\HOBBIES\HASTE\SOURCECODE\REPOSITORY\NEO\IDLIB.DIR\RELEASE\BOUNDS.OBJ
D:\MAXI\HOBBIES\HASTE\SOURCECODE\REPOSITORY\NEO\IDLIB.DIR\RELEASE\BOX.OBJ
D:\Maxi\Hobbies\HASTE\SourceCode\repository\neo\idlib.dir\Release\cl.command.1.tlog
D:\Maxi\Hobbies\HASTE\SourceCode\repository\neo\idlib.dir\Release\CL.read.1.tlog
D:\Maxi\Hobbies\HASTE\SourceCode\repository\neo\idlib.dir\Release\CL.write.1.tlog
D:\MAXI\HOBBIES\HASTE\SOURCECODE\REPOSITORY\NEO\IDLIB.DIR\RELEASE\CMDARGS.OBJ
D:\MAXI\HOBBIES\HASTE\SOURCECODE\REPOSITORY\NEO\IDLIB.DIR\RELEASE\CRC32.OBJ
D:\Maxi\Hobbies\HASTE\SourceCode\repository\neo\idlib.dir\Release\custombuild.command.1.tlog
D:\Maxi\Hobbies\HASTE\SourceCode\repository\neo\idlib.dir\Release\custombuild.read.1.tlog
D:\Maxi\Hobbies\HASTE\SourceCode\repository\neo\idlib.dir\Release\custombuild.write.1.tlog
D:\MAXI\HOBBIES\HASTE\SOURCECODE\REPOSITORY\NEO\IDLIB.DIR\RELEASE\DICT.OBJ
D:\MAXI\HOBBIES\HASTE\SOURCECODE\REPOSITORY\NEO\IDLIB.DIR\RELEASE\DRAWVERT.OBJ
D:\MAXI\HOBBIES\HASTE\SOURCECODE\REPOSITORY\NEO\IDLIB.DIR\RELEASE\FRUSTUM.OBJ
D:\MAXI\HOBBIES\HASTE\SOURCECODE\REPOSITORY\NEO\IDLIB.DIR\RELEASE\HASHINDEX.OBJ
D:\MAXI\HOBBIES\HASTE\SOURCECODE\REPOSITORY\NEO\IDLIB.DIR\RELEASE\HEAP.OBJ
D:\Maxi\Hobbies\HASTE\SourceCode\repository\neo\idlib.dir\Release\idlib.vcxprojResolveAssemblyReference.cache
D:\Maxi\Hobbies\HASTE\SourceCode\repository\neo\idlib.dir\Release\idlib.write.1.tlog
D:\MAXI\HOBBIES\HASTE\SOURCECODE\REPOSITORY\NEO\IDLIB.DIR\RELEASE\JOINTTRANSFORM.OBJ
D:\MAXI\HOBBIES\HASTE\SOURCECODE\REPOSITORY\NEO\IDLIB.DIR\RELEASE\LANGDICT.OBJ
D:\MAXI\HOBBIES\HASTE\SOURCECODE\REPOSITORY\NEO\IDLIB.DIR\RELEASE\LCP.OBJ
D:\MAXI\HOBBIES\HASTE\SOURCECODE\REPOSITORY\NEO\IDLIB.DIR\RELEASE\LEXER.OBJ
D:\Maxi\Hobbies\HASTE\SourceCode\repository\neo\idlib.dir\Release\lib.command.1.tlog
D:\MAXI\HOBBIES\HASTE\SOURCECODE\REPOSITORY\NEO\IDLIB.DIR\RELEASE\LIB.OBJ
D:\Maxi\Hobbies\HASTE\SourceCode\repository\neo\idlib.dir\Release\Lib-link.read.1.tlog
D:\Maxi\Hobbies\HASTE\SourceCode\repository\neo\idlib.dir\Release\Lib-link.write.1.tlog
D:\MAXI\HOBBIES\HASTE\SOURCECODE\REPOSITORY\NEO\IDLIB.DIR\RELEASE\MAPFILE.OBJ
D:\MAXI\HOBBIES\HASTE\SOURCECODE\REPOSITORY\NEO\IDLIB.DIR\RELEASE\MATH.OBJ
D:\MAXI\HOBBIES\HASTE\SOURCECODE\REPOSITORY\NEO\IDLIB.DIR\RELEASE\MATRIX.OBJ
D:\MAXI\HOBBIES\HASTE\SOURCECODE\REPOSITORY\NEO\IDLIB.DIR\RELEASE\MD4.OBJ
D:\MAXI\HOBBIES\HASTE\SOURCECODE\REPOSITORY\NEO\IDLIB.DIR\RELEASE\MD5.OBJ
D:\MAXI\HOBBIES\HASTE\SOURCECODE\REPOSITORY\NEO\IDLIB.DIR\RELEASE\ODE.OBJ
D:\MAXI\HOBBIES\HASTE\SOURCECODE\REPOSITORY\NEO\IDLIB.DIR\RELEASE\PARSER.OBJ
D:\MAXI\HOBBIES\HASTE\SOURCECODE\REPOSITORY\NEO\IDLIB.DIR\RELEASE\PLANE.OBJ
D:\MAXI\HOBBIES\HASTE\SOURCECODE\REPOSITORY\NEO\IDLIB.DIR\RELEASE\PLUECKER.OBJ
D:\MAXI\HOBBIES\HASTE\SOURCECODE\REPOSITORY\NEO\IDLIB.DIR\RELEASE\POLYNOMIAL.OBJ
D:\MAXI\HOBBIES\HASTE\SOURCECODE\REPOSITORY\NEO\IDLIB.DIR\RELEASE\QUAT.OBJ
D:\MAXI\HOBBIES\HASTE\SOURCECODE\REPOSITORY\NEO\IDLIB.DIR\RELEASE\RENDERMATRIX.OBJ
D:\MAXI\HOBBIES\HASTE\SOURCECODE\REPOSITORY\NEO\IDLIB.DIR\RELEASE\ROTATION.OBJ
D:\MAXI\HOBBIES\HASTE\SOURCECODE\REPOSITORY\NEO\IDLIB.DIR\RELEASE\SIMD.OBJ
D:\MAXI\HOBBIES\HASTE\SOURCECODE\REPOSITORY\NEO\IDLIB.DIR\RELEASE\SIMD_3DNOW.OBJ
D:\MAXI\HOBBIES\HASTE\SOURCECODE\REPOSITORY\NEO\IDLIB.DIR\RELEASE\SIMD_ALTIVEC.OBJ
D:\MAXI\HOBBIES\HASTE\SOURCECODE\REPOSITORY\NEO\IDLIB.DIR\RELEASE\SIMD_GENERIC.OBJ
D:\MAXI\HOBBIES\HASTE\SOURCECODE\REPOSITORY\NEO\IDLIB.DIR\RELEASE\SIMD_MMX.OBJ
D:\MAXI\HOBBIES\HASTE\SOURCECODE\REPOSITORY\NEO\IDLIB.DIR\RELEASE\SIMD_SSE.OBJ
D:\MAXI\HOBBIES\HASTE\SOURCECODE\REPOSITORY\NEO\IDLIB.DIR\RELEASE\SIMD_SSE2.OBJ
D:\MAXI\HOBBIES\HASTE\SOURCECODE\REPOSITORY\NEO\IDLIB.DIR\RELEASE\SIMD_SSE3.OBJ
D:\MAXI\HOBBIES\HASTE\SOURCECODE\REPOSITORY\NEO\IDLIB.DIR\RELEASE\SPHERE.OBJ
D:\MAXI\HOBBIES\HASTE\SOURCECODE\REPOSITORY\NEO\IDLIB.DIR\RELEASE\STR.OBJ
D:\MAXI\HOBBIES\HASTE\SOURCECODE\REPOSITORY\NEO\IDLIB.DIR\RELEASE\SURFACE.OBJ
D:\MAXI\HOBBIES\HASTE\SOURCECODE\REPOSITORY\NEO\IDLIB.DIR\RELEASE\SURFACE_PATCH.OBJ
D:\MAXI\HOBBIES\HASTE\SOURCECODE\REPOSITORY\NEO\IDLIB.DIR\RELEASE\SURFACE_SWEPTSPLINE.OBJ
D:\MAXI\HOBBIES\HASTE\SOURCECODE\REPOSITORY\NEO\IDLIB.DIR\RELEASE\TIMER.OBJ
D:\MAXI\HOBBIES\HASTE\SOURCECODE\REPOSITORY\NEO\IDLIB.DIR\RELEASE\TOKEN.OBJ
D:\MAXI\HOBBIES\HASTE\SOURCECODE\REPOSITORY\NEO\IDLIB.DIR\RELEASE\TRACEMODEL.OBJ
D:\MAXI\HOBBIES\HASTE\SOURCECODE\REPOSITORY\NEO\IDLIB.DIR\RELEASE\VECTOR.OBJ
D:\MAXI\HOBBIES\HASTE\SOURCECODE\REPOSITORY\NEO\IDLIB.DIR\RELEASE\WINDING.OBJ
D:\MAXI\HOBBIES\HASTE\SOURCECODE\REPOSITORY\NEO\IDLIB.DIR\RELEASE\WINDING2D.OBJ
D:\MAXI\HOBBIES\HASTE\SOURCECODE\REPOSITORY\NEO\RELEASE\IDLIB.LIB
