Compilación iniciada a las 13/08/2019 23:13:03.
     1>Proyecto "D:\Maxi\Hobbies\HASTE\SourceCode\repository\neo\idlib.vcxproj" en el nodo 2 (build destinos).
     1>InitializeBuildStatus:
         Se creará "idlib.dir\Debug\idlib.unsuccessfulbuild" porque se especificó "AlwaysCreate".
       CustomBuild:
         Todas las salidas están actualizadas.
       ClCompile:
         c:\Program Files (x86)\Microsoft Visual Studio 10.0\VC\bin\CL.exe /c /I"D:\Maxi\Hobbies\HASTE\SourceCode\dhewm3-libs\i686-w64-mingw32\include" /I"D:\Maxi\Hobbies\HASTE\SourceCode\dhewm3-libs\i686-w64-mingw32\include\ogg" /I"D:\Maxi\Hobbies\HASTE\SourceCode\dhewm3-libs\i686-w64-mingw32\include\vorbis" /I"D:\Maxi\Hobbies\HASTE\SourceCode\dhewm3-libs\i686-w64-mingw32\include\AL" /I"D:\Maxi\Hobbies\HASTE\SourceCode\dhewm3-libs\i686-w64-mingw32\include\SDL2" /I"D:\Maxi\Hobbies\HASTE\SourceCode\dhewm3-libs\i686-w64-mingw32\include\curl" /ID:\Maxi\Hobbies\HASTE\SourceCode\repository\neo /Zi /W4 /WX- /Od /Oy- /D WIN32 /D _WINDOWS /D _DEBUG /D _ALLOW_KEYWORD_MACROS /D WINVER=0x0501 /D _WIN32_WINNT=0x0501 /D "CMAKE_INTDIR=\"Debug\"" /D _MBCS /Gm- /EHsc /MDd /GS /fp:precise /Zc:wchar_t /Zc:forScope /GR /Fo"idlib.dir\Debug\\" /Fd"idlib.dir\Debug\vc100.pdb" /Gd /TP /wd4100 /wd4127 /wd4244 /wd4245 /wd4267 /wd4714 /wd4996 /wd4068 /analyze- /errorReport:prompt idlib\math\Simd.cpp idlib\math\Simd_Generic.cpp idlib\math\Simd_SSE.cpp
         Compilador de optimización de C/C++ de 32 bits de Microsoft (R) versión 16.00.40219.01 para 80x86
         (C) Microsoft Corporation. Reservados todos los derechos.
         
         cl /c /I"D:\Maxi\Hobbies\HASTE\SourceCode\dhewm3-libs\i686-w64-mingw32\include" /I"D:\Maxi\Hobbies\HASTE\SourceCode\dhewm3-libs\i686-w64-mingw32\include\ogg" /I"D:\Maxi\Hobbies\HASTE\SourceCode\dhewm3-libs\i686-w64-mingw32\include\vorbis" /I"D:\Maxi\Hobbies\HASTE\SourceCode\dhewm3-libs\i686-w64-mingw32\include\AL" /I"D:\Maxi\Hobbies\HASTE\SourceCode\dhewm3-libs\i686-w64-mingw32\include\SDL2" /I"D:\Maxi\Hobbies\HASTE\SourceCode\dhewm3-libs\i686-w64-mingw32\include\curl" /ID:\Maxi\Hobbies\HASTE\SourceCode\repository\neo /Zi /W4 /WX- /Od /Oy- /D WIN32 /D _WINDOWS /D _DEBUG /D _ALLOW_KEYWORD_MACROS /D WINVER=0x0501 /D _WIN32_WINNT=0x0501 /D "CMAKE_INTDIR=\"Debug\"" /D _MBCS /Gm- /EHsc /MDd /GS /fp:precise /Zc:wchar_t /Zc:forScope /GR /Fo"idlib.dir\Debug\\" /Fd"idlib.dir\Debug\vc100.pdb" /Gd /TP /wd4100 /wd4127 /wd4244 /wd4245 /wd4267 /wd4714 /wd4996 /wd4068 /analyze- /errorReport:prompt idlib\math\Simd.cpp idlib\math\Simd_Generic.cpp idlib\math\Simd_SSE.cpp
         
         Simd.cpp
     1>c:\Program Files (x86)\Microsoft Visual Studio 10.0\VC\include\yvals.h(12): warning C4005: '_ALLOW_KEYWORD_MACROS' : redefinición de macro
                 argumentos de la línea de comandos :  vea la definición anterior de '_ALLOW_KEYWORD_MACROS'
         Simd_Generic.cpp
     1>c:\Program Files (x86)\Microsoft Visual Studio 10.0\VC\include\yvals.h(12): warning C4005: '_ALLOW_KEYWORD_MACROS' : redefinición de macro
                 argumentos de la línea de comandos :  vea la definición anterior de '_ALLOW_KEYWORD_MACROS'
         Simd_SSE.cpp
     1>c:\Program Files (x86)\Microsoft Visual Studio 10.0\VC\include\yvals.h(12): warning C4005: '_ALLOW_KEYWORD_MACROS' : redefinición de macro
                 argumentos de la línea de comandos :  vea la definición anterior de '_ALLOW_KEYWORD_MACROS'
         Generando código...
       Lib:
         c:\Program Files (x86)\Microsoft Visual Studio 10.0\VC\bin\Lib.exe /OUT:"D:\Maxi\Hobbies\HASTE\SourceCode\repository\neo\Debug\idlib.lib" /NOLOGO idlib.dir\Debug\Bounds.obj
         idlib.dir\Debug\Frustum.obj
         idlib.dir\Debug\Sphere.obj
         idlib.dir\Debug\Box.obj
         idlib.dir\Debug\DrawVert.obj
         idlib.dir\Debug\Winding2D.obj
         idlib.dir\Debug\Surface_SweptSpline.obj
         idlib.dir\Debug\Winding.obj
         idlib.dir\Debug\Surface.obj
         idlib.dir\Debug\Surface_Patch.obj
         idlib.dir\Debug\TraceModel.obj
         idlib.dir\Debug\JointTransform.obj
         idlib.dir\Debug\CRC32.obj
         idlib.dir\Debug\MD4.obj
         idlib.dir\Debug\MD5.obj
         idlib.dir\Debug\Angles.obj
         idlib.dir\Debug\Lcp.obj
         idlib.dir\Debug\Math.obj
         idlib.dir\Debug\Matrix.obj
         idlib.dir\Debug\Ode.obj
         idlib.dir\Debug\Plane.obj
         idlib.dir\Debug\Pluecker.obj
         idlib.dir\Debug\Polynomial.obj
         idlib.dir\Debug\Quat.obj
         idlib.dir\Debug\Rotation.obj
         idlib.dir\Debug\Simd.obj
         idlib.dir\Debug\Simd_Generic.obj
         idlib.dir\Debug\Simd_AltiVec.obj
         idlib.dir\Debug\Simd_MMX.obj
         idlib.dir\Debug\Simd_3DNow.obj
         idlib.dir\Debug\Simd_SSE.obj
         idlib.dir\Debug\Simd_SSE2.obj
         idlib.dir\Debug\Simd_SSE3.obj
         idlib.dir\Debug\Vector.obj
         idlib.dir\Debug\BitMsg.obj
         idlib.dir\Debug\LangDict.obj
         idlib.dir\Debug\Lexer.obj
         idlib.dir\Debug\Lib.obj
         idlib.dir\Debug\HashIndex.obj
         idlib.dir\Debug\Dict.obj
         idlib.dir\Debug\Str.obj
         idlib.dir\Debug\Parser.obj
         idlib.dir\Debug\MapFile.obj
         idlib.dir\Debug\CmdArgs.obj
         idlib.dir\Debug\Token.obj
         idlib.dir\Debug\Base64.obj
         idlib.dir\Debug\Timer.obj
         idlib.dir\Debug\Heap.obj  /machine:X86
         idlib.vcxproj -> D:\Maxi\Hobbies\HASTE\SourceCode\repository\neo\Debug\idlib.lib
       FinalizeBuildStatus:
         Se eliminará el archivo "idlib.dir\Debug\idlib.unsuccessfulbuild".
         Aplicando tarea Touch a "idlib.dir\Debug\idlib.lastbuildstate".
     1>Compilación del proyecto terminada "D:\Maxi\Hobbies\HASTE\SourceCode\repository\neo\idlib.vcxproj" (build destinos).

Compilación correcta.

Tiempo transcurrido 00:00:05.20
