Compilación iniciada a las 20/05/2019 1:47:43.
     1>Proyecto "D:\Maxi\Hobbies\HASTE\SourceCode\repository\neo\upnpnat\upnpnat.vcxproj" en el nodo 3 (rebuild destinos).
     1>_PrepareForClean:
         Se eliminará el archivo "Release\upnpnat.lastbuildstate".
       InitializeBuildStatus:
         Se creará "Release\upnpnat.unsuccessfulbuild" porque se especificó "AlwaysCreate".
       ClCompile:
         c:\Program Files (x86)\Microsoft Visual Studio 10.0\VC\bin\CL.exe /c /Zi /nologo /W3 /WX- /O2 /Oy- /D WIN32 /D NDEBUG /D _CONSOLE /D _VC80_UPGRADE=0x0710 /D _MBCS /Gm- /EHsc /MT /GS /fp:precise /Zc:wchar_t /Zc:forScope /Fo"Release\\" /Fd"Release\vc100.pdb" /Gd /TP /analyze- /errorReport:prompt upnpnat.cpp xmlParser.cpp
         upnpnat.cpp
     1>upnpnat.cpp(182): warning C4996: '_sleep': This function or variable has been superceded by newer library or operating system functionality. Consider using Sleep instead. See online help for details.
                 c:\Program Files (x86)\Microsoft Visual Studio 10.0\VC\include\stdlib.h(843) : vea la declaración de '_sleep'
     1>upnpnat.cpp(194): warning C4996: 'sprintf': This function or variable may be unsafe. Consider using sprintf_s instead. To disable deprecation, use _CRT_SECURE_NO_WARNINGS. See online help for details.
                 c:\Program Files (x86)\Microsoft Visual Studio 10.0\VC\include\stdio.h(371) : vea la declaración de 'sprintf'
     1>upnpnat.cpp(226): warning C4996: '_sleep': This function or variable has been superceded by newer library or operating system functionality. Consider using Sleep instead. See online help for details.
                 c:\Program Files (x86)\Microsoft Visual Studio 10.0\VC\include\stdlib.h(843) : vea la declaración de '_sleep'
     1>upnpnat.cpp(245): warning C4996: '_sleep': This function or variable has been superceded by newer library or operating system functionality. Consider using Sleep instead. See online help for details.
                 c:\Program Files (x86)\Microsoft Visual Studio 10.0\VC\include\stdlib.h(843) : vea la declaración de '_sleep'
     1>upnpnat.cpp(250): warning C4996: '_sleep': This function or variable has been superceded by newer library or operating system functionality. Consider using Sleep instead. See online help for details.
                 c:\Program Files (x86)\Microsoft Visual Studio 10.0\VC\include\stdlib.h(843) : vea la declaración de '_sleep'
     1>upnpnat.cpp(284): warning C4996: 'sprintf': This function or variable may be unsafe. Consider using sprintf_s instead. To disable deprecation, use _CRT_SECURE_NO_WARNINGS. See online help for details.
                 c:\Program Files (x86)\Microsoft Visual Studio 10.0\VC\include\stdio.h(371) : vea la declaración de 'sprintf'
     1>upnpnat.cpp(474): warning C4996: 'sprintf': This function or variable may be unsafe. Consider using sprintf_s instead. To disable deprecation, use _CRT_SECURE_NO_WARNINGS. See online help for details.
                 c:\Program Files (x86)\Microsoft Visual Studio 10.0\VC\include\stdio.h(371) : vea la declaración de 'sprintf'
     1>upnpnat.cpp(477): warning C4996: 'sprintf': This function or variable may be unsafe. Consider using sprintf_s instead. To disable deprecation, use _CRT_SECURE_NO_WARNINGS. See online help for details.
                 c:\Program Files (x86)\Microsoft Visual Studio 10.0\VC\include\stdio.h(371) : vea la declaración de 'sprintf'
     1>upnpnat.cpp(481): warning C4996: 'sprintf': This function or variable may be unsafe. Consider using sprintf_s instead. To disable deprecation, use _CRT_SECURE_NO_WARNINGS. See online help for details.
                 c:\Program Files (x86)\Microsoft Visual Studio 10.0\VC\include\stdio.h(371) : vea la declaración de 'sprintf'
     1>upnpnat.cpp(502): warning C4996: 'sprintf': This function or variable may be unsafe. Consider using sprintf_s instead. To disable deprecation, use _CRT_SECURE_NO_WARNINGS. See online help for details.
                 c:\Program Files (x86)\Microsoft Visual Studio 10.0\VC\include\stdio.h(371) : vea la declaración de 'sprintf'
         xmlParser.cpp
     1>xmlParser.cpp(97): warning C4996: 'strcpy': This function or variable may be unsafe. Consider using strcpy_s instead. To disable deprecation, use _CRT_SECURE_NO_WARNINGS. See online help for details.
                 c:\Program Files (x86)\Microsoft Visual Studio 10.0\VC\include\string.h(105) : vea la declaración de 'strcpy'
     1>xmlParser.cpp(98): warning C4996: 'strcpy': This function or variable may be unsafe. Consider using strcpy_s instead. To disable deprecation, use _CRT_SECURE_NO_WARNINGS. See online help for details.
                 c:\Program Files (x86)\Microsoft Visual Studio 10.0\VC\include\string.h(105) : vea la declaración de 'strcpy'
     1>xmlParser.cpp(99): warning C4996: 'strcpy': This function or variable may be unsafe. Consider using strcpy_s instead. To disable deprecation, use _CRT_SECURE_NO_WARNINGS. See online help for details.
                 c:\Program Files (x86)\Microsoft Visual Studio 10.0\VC\include\string.h(105) : vea la declaración de 'strcpy'
     1>xmlParser.cpp(100): warning C4996: 'strcpy': This function or variable may be unsafe. Consider using strcpy_s instead. To disable deprecation, use _CRT_SECURE_NO_WARNINGS. See online help for details.
                 c:\Program Files (x86)\Microsoft Visual Studio 10.0\VC\include\string.h(105) : vea la declaración de 'strcpy'
     1>xmlParser.cpp(101): warning C4996: 'strcpy': This function or variable may be unsafe. Consider using strcpy_s instead. To disable deprecation, use _CRT_SECURE_NO_WARNINGS. See online help for details.
                 c:\Program Files (x86)\Microsoft Visual Studio 10.0\VC\include\string.h(105) : vea la declaración de 'strcpy'
     1>xmlParser.cpp(1233): warning C4996: 'fopen': This function or variable may be unsafe. Consider using fopen_s instead. To disable deprecation, use _CRT_SECURE_NO_WARNINGS. See online help for details.
                 c:\Program Files (x86)\Microsoft Visual Studio 10.0\VC\include\stdio.h(234) : vea la declaración de 'fopen'
     1>xmlParser.cpp(1394): warning C4996: 'strcpy': This function or variable may be unsafe. Consider using strcpy_s instead. To disable deprecation, use _CRT_SECURE_NO_WARNINGS. See online help for details.
                 c:\Program Files (x86)\Microsoft Visual Studio 10.0\VC\include\string.h(105) : vea la declaración de 'strcpy'
     1>xmlParser.cpp(1412): warning C4996: 'strcpy': This function or variable may be unsafe. Consider using strcpy_s instead. To disable deprecation, use _CRT_SECURE_NO_WARNINGS. See online help for details.
                 c:\Program Files (x86)\Microsoft Visual Studio 10.0\VC\include\string.h(105) : vea la declaración de 'strcpy'
     1>xmlParser.cpp(1509): warning C4996: 'strcpy': This function or variable may be unsafe. Consider using strcpy_s instead. To disable deprecation, use _CRT_SECURE_NO_WARNINGS. See online help for details.
                 c:\Program Files (x86)\Microsoft Visual Studio 10.0\VC\include\string.h(105) : vea la declaración de 'strcpy'
     1>xmlParser.cpp(1515): warning C4996: 'strcpy': This function or variable may be unsafe. Consider using strcpy_s instead. To disable deprecation, use _CRT_SECURE_NO_WARNINGS. See online help for details.
                 c:\Program Files (x86)\Microsoft Visual Studio 10.0\VC\include\string.h(105) : vea la declaración de 'strcpy'
     1>xmlParser.cpp(1524): warning C4996: 'strcpy': This function or variable may be unsafe. Consider using strcpy_s instead. To disable deprecation, use _CRT_SECURE_NO_WARNINGS. See online help for details.
                 c:\Program Files (x86)\Microsoft Visual Studio 10.0\VC\include\string.h(105) : vea la declaración de 'strcpy'
     1>xmlParser.cpp(1532): warning C4996: 'strcpy': This function or variable may be unsafe. Consider using strcpy_s instead. To disable deprecation, use _CRT_SECURE_NO_WARNINGS. See online help for details.
                 c:\Program Files (x86)\Microsoft Visual Studio 10.0\VC\include\string.h(105) : vea la declaración de 'strcpy'
     1>xmlParser.cpp(1572): warning C4996: 'strcpy': This function or variable may be unsafe. Consider using strcpy_s instead. To disable deprecation, use _CRT_SECURE_NO_WARNINGS. See online help for details.
                 c:\Program Files (x86)\Microsoft Visual Studio 10.0\VC\include\string.h(105) : vea la declaración de 'strcpy'
     1>xmlParser.cpp(1574): warning C4996: 'strcpy': This function or variable may be unsafe. Consider using strcpy_s instead. To disable deprecation, use _CRT_SECURE_NO_WARNINGS. See online help for details.
                 c:\Program Files (x86)\Microsoft Visual Studio 10.0\VC\include\string.h(105) : vea la declaración de 'strcpy'
     1>xmlParser.cpp(1579): warning C4996: 'strcpy': This function or variable may be unsafe. Consider using strcpy_s instead. To disable deprecation, use _CRT_SECURE_NO_WARNINGS. See online help for details.
                 c:\Program Files (x86)\Microsoft Visual Studio 10.0\VC\include\string.h(105) : vea la declaración de 'strcpy'
     1>xmlParser.cpp(1583): warning C4996: 'strcpy': This function or variable may be unsafe. Consider using strcpy_s instead. To disable deprecation, use _CRT_SECURE_NO_WARNINGS. See online help for details.
                 c:\Program Files (x86)\Microsoft Visual Studio 10.0\VC\include\string.h(105) : vea la declaración de 'strcpy'
     1>xmlParser.cpp(1600): warning C4996: 'strcpy': This function or variable may be unsafe. Consider using strcpy_s instead. To disable deprecation, use _CRT_SECURE_NO_WARNINGS. See online help for details.
                 c:\Program Files (x86)\Microsoft Visual Studio 10.0\VC\include\string.h(105) : vea la declaración de 'strcpy'
     1>xmlParser.cpp(1605): warning C4996: 'strcpy': This function or variable may be unsafe. Consider using strcpy_s instead. To disable deprecation, use _CRT_SECURE_NO_WARNINGS. See online help for details.
                 c:\Program Files (x86)\Microsoft Visual Studio 10.0\VC\include\string.h(105) : vea la declaración de 'strcpy'
     1>xmlParser.cpp(1736): warning C4996: 'strcpy': This function or variable may be unsafe. Consider using strcpy_s instead. To disable deprecation, use _CRT_SECURE_NO_WARNINGS. See online help for details.
                 c:\Program Files (x86)\Microsoft Visual Studio 10.0\VC\include\string.h(105) : vea la declaración de 'strcpy'
         Generando código...
       Lib:
         c:\Program Files (x86)\Microsoft Visual Studio 10.0\VC\bin\Lib.exe /OUT:"D:\Maxi\Hobbies\HASTE\SourceCode\repository\neo\Release\upnpnat.lib" /NOLOGO Release\upnpnat.obj
         Release\xmlParser.obj
         upnpnat.vcxproj -> D:\Maxi\Hobbies\HASTE\SourceCode\repository\neo\Release\upnpnat.lib
       FinalizeBuildStatus:
         Se eliminará el archivo "Release\upnpnat.unsuccessfulbuild".
         Aplicando tarea Touch a "Release\upnpnat.lastbuildstate".
     1>Compilación del proyecto terminada "D:\Maxi\Hobbies\HASTE\SourceCode\repository\neo\upnpnat\upnpnat.vcxproj" (rebuild destinos).

Compilación correcta.

Tiempo transcurrido 00:00:20.31
